frontend/app/build/outputs/mapping/release/mapping.txt
# compiler: R8
# compiler_version: 8.5.10
# min_api: 21
# common_typos_disable
# {"id":"com.android.tools.r8.mapping","version":"2.2"}
# pg_map_id: 8afa1bd
# pg_map_hash: SHA-256 8afa1bdd58691aecab05ecd0dd2011a502e0cd2e298e4f70fa3576dff376bfc8
app.vercel.frontend_i25rkh6u6_harshiths_projects_2a9df694.twa.Application -> app.vercel.frontend_i25rkh6u6_harshiths_projects_2a9df694.twa.Application:
# {"id":"sourceFile","fileName":"Application.java"}
app.vercel.frontend_i25rkh6u6_harshiths_projects_2a9df694.twa.DelegationService -> app.vercel.frontend_i25rkh6u6_harshiths_projects_2a9df694.twa.DelegationService:
# {"id":"sourceFile","fileName":"DelegationService.java"}
app.vercel.frontend_i25rkh6u6_harshiths_projects_2a9df694.twa.LauncherActivity -> app.vercel.frontend_i25rkh6u6_harshiths_projects_2a9df694.twa.LauncherActivity:
# {"id":"sourceFile","fileName":"LauncherActivity.java"}
    1:1:android.net.Uri getLaunchingUrl():0:0 -> h
...
androidx.browser.customtabs.CustomTabsSession -> e.f:
# {"id":"sourceFile","fileName":"CustomTabsSession.java"}
    java.lang.Object mLock -> a
    android.support.customtabs.ICustomTabsService mService -> b
      # {"id":"com.android.tools.r8.residualsignature","signature":"La/b;"}
    android.support.customtabs.ICustomTabsCallback mCallback -> c
      # {"id":"com.android.tools.r8.residualsignature","signature":"La/a;"}
    android.content.ComponentName mComponentName -> d
    android.app.PendingIntent mId -> e
    1:19:void <init>(android.support.customtabs.ICustomTabsService,android.support.customtabs.ICustomTabsCallback,android.content.ComponentName,android.app.PendingIntent):0:0 -> <init>
      # {"id":"com.android.tools.r8.residualsignature","signature":"(La/b;La/a;Landroid/content/ComponentName;Landroid/app/PendingIntent;)V"}
    1:10:void addIdToBundle(android.os.Bundle):0:0 -> a
    1:14:android.os.Bundle createBundleWithId(android.os.Bundle):0:0 -> b
    1:7:android.os.IBinder getBinder():0:0 -> c
    1:3:android.content.ComponentName getComponentName():0:0 -> d
    1:3:android.app.PendingIntent getId():0:0 -> e
    1:15:boolean receiveFile(android.net.Uri,int,android.os.Bundle):0:0 -> f
    9:22:boolean validateRelationship(int,android.net.Uri,android.os.Bundle):0:0 -> g
androidx.browser.customtabs.TrustedWebUtils -> e.g:
# {"id":"sourceFile","fileName":"TrustedWebUtils.java"}
    1:39:boolean areSplashScreensSupported(android.content.Context,java.lang.String,java.lang.String):0:0 -> a
    1:14:boolean transferSplashImage(android.content.Context,java.io.File,java.lang.String,java.lang.String,androidx.browser.customtabs.CustomTabsSession):0:0 -> b
      # {"id":"com.android.tools.r8.residualsignature","signature":"(Landroid/content/Context;Ljava/io/File;Ljava/lang/String;Ljava/lang/String;Le/f;)Z"}
androidx.browser.trusted.NotificationApiHelperForM -> f.b:
# {"id":"sourceFile","fileName":"NotificationApiHelperForM.java"}
    1:5:android.os.Parcelable[] getActiveNotifications(android.app.NotificationManager):0:0 -> a
androidx.browser.trusted.NotificationApiHelperForM$$ExternalSyntheticApiModelOutline0 -> f.a:
# {"id":"sourceFile","fileName":"R8$$SyntheticClass"}
# {"id":"com.android.tools.r8.synthesized"}
    1:1:android.service.notification.StatusBarNotification[] f.NotificationApiHelperForM$$ExternalSyntheticApiModelOutline0.m(android.app.NotificationManager):0:0 -> a
      # {"id":"com.android.tools.r8.synthesized"}
androidx.browser.trusted.NotificationApiHelperForO -> f.i:
# {"id":"sourceFile","fileName":"NotificationApiHelperForO.java"}
    2:32:android.app.Notification copyNotificationOntoChannel(android.content.Context,android.app.NotificationManager,android.app.Notification,java.lang.String,java.lang.String):0:0 -> a
    1:17:boolean isChannelEnabled(android.app.NotificationManager,java.lang.String):0:0 -> b
androidx.browser.trusted.NotificationApiHelperForO$$ExternalSyntheticApiModelOutline0 -> f.c:
# {"id":"sourceFile","fileName":"R8$$SyntheticClass"}
# {"id":"com.android.tools.r8.synthesized"}
    1:1:android.app.NotificationChannel f.NotificationApiHelperForO$$ExternalSyntheticApiModelOutline0.m(android.app.NotificationManager,java.lang.String):0:0 -> a
      # {"id":"com.android.tools.r8.synthesized"}
androidx.browser.trusted.NotificationApiHelperForO$$ExternalSyntheticApiModelOutline1 -> f.d:
# {"id":"sourceFile","fileName":"R8$$SyntheticClass"}
# {"id":"com.android.tools.r8.synthesized"}
    1:1:int f.NotificationApiHelperForO$$ExternalSyntheticApiModelOutline1.m(android.app.NotificationChannel):0:0 -> a
      # {"id":"com.android.tools.r8.synthesized"}