frontend/app/build/outputs/mapping/release/usage.txt
app.vercel.frontend_i25rkh6u6_harshiths_projects_2a9df694.twa.R$bool
app.vercel.frontend_i25rkh6u6_harshiths_projects_2a9df694.twa.R$color
app.vercel.frontend_i25rkh6u6_harshiths_projects_2a9df694.twa.R$drawable
app.vercel.frontend_i25rkh6u6_harshiths_projects_2a9df694.twa.R$integer
app.vercel.frontend_i25rkh6u6_harshiths_projects_2a9df694.twa.R$mipmap
app.vercel.frontend_i25rkh6u6_harshiths_projects_2a9df694.twa.R$raw
app.vercel.frontend_i25rkh6u6_harshiths_projects_2a9df694.twa.R$string
app.vercel.frontend_i25rkh6u6_harshiths_projects_2a9df694.twa.R$xml
app.vercel.frontend_i25rkh6u6_harshiths_projects_2a9df694.twa.R
...
androidx.core.widget.NestedScrollView
androidx.core.widget.PopupMenuCompat
androidx.core.widget.PopupWindowCompat
androidx.core.widget.ScrollerCompat
androidx.core.widget.TextViewCompat$AutoSizeTextType
androidx.core.widget.TextViewCompat$OreoCallback
androidx.core.widget.TextViewCompat
androidx.core.widget.TintableCompoundButton
androidx.core.widget.TintableCompoundDrawablesView
androidx.core.widget.TintableImageSourceView
androidx.interpolator.R
androidx.interpolator.view.animation.FastOutLinearInInterpolator
androidx.interpolator.view.animation.FastOutSlowInInterpolator
androidx.interpolator.view.animation.LinearOutSlowInInterpolator
androidx.interpolator.view.animation.LookupTableInterpolator
androidx.lifecycle.ClassesInfoCache$CallbackInfo
androidx.lifecycle.ClassesInfoCache$MethodReference
androidx.lifecycle.ClassesInfoCache
androidx.lifecycle.CompositeGeneratedAdaptersObserver:
    private final androidx.lifecycle.GeneratedAdapter[] mGeneratedAdapters
    void <init>(androidx.lifecycle.GeneratedAdapter[])
    public void onStateChanged(androidx.lifecycle.LifecycleOwner,androidx.lifecycle.Lifecycle$Event)
androidx.lifecycle.FullLifecycleObserver
androidx.lifecycle.FullLifecycleObserverAdapter$1
androidx.lifecycle.FullLifecycleObserverAdapter:
    private final androidx.lifecycle.FullLifecycleObserver mObserver
    void <init>(androidx.lifecycle.FullLifecycleObserver)
    public void onStateChanged(androidx.lifecycle.LifecycleOwner,androidx.lifecycle.Lifecycle$Event)
androidx.lifecycle.GeneratedAdapter
androidx.lifecycle.GenericLifecycleObserver
androidx.lifecycle.Lifecycle$Event
androidx.lifecycle.Lifecycle$State
androidx.lifecycle.Lifecycle
androidx.lifecycle.LifecycleObserver
androidx.lifecycle.LifecycleOwner
androidx.lifecycle.LifecycleRegistry$1
androidx.lifecycle.LifecycleRegistry$ObserverWithState
androidx.lifecycle.LifecycleRegistry
androidx.lifecycle.LifecycleRegistryOwner
androidx.lifecycle.Lifecycling
androidx.lifecycle.MethodCallsLogger
androidx.lifecycle.OnLifecycleEvent
androidx.lifecycle.R
androidx.lifecycle.ReflectiveGenericLifecycleObserver:
    private final androidx.lifecycle.ClassesInfoCache$CallbackInfo mInfo
    private final java.lang.Object mWrapped
    void <init>(java.lang.Object)
    public void onStateChanged(androidx.lifecycle.LifecycleOwner,androidx.lifecycle.Lifecycle$Event)
androidx.lifecycle.ReportFragment$ActivityInitializationListener
androidx.lifecycle.ReportFragment
androidx.lifecycle.SingleGeneratedAdapterObserver:
    private final androidx.lifecycle.GeneratedAdapter mGeneratedAdapter
    void <init>(androidx.lifecycle.GeneratedAdapter)
    public void onStateChanged(androidx.lifecycle.LifecycleOwner,androidx.lifecycle.Lifecycle$Event)
androidx.versionedparcelable.CustomVersionedParcelable:
    public void onPostParceling()
    public void onPreParceling(boolean)
androidx.versionedparcelable.NonParcelField
androidx.versionedparcelable.ParcelField
androidx.versionedparcelable.ParcelImpl:
    public void <init>(androidx.versionedparcelable.VersionedParcelable)
    public androidx.versionedparcelable.VersionedParcelable getVersionedParcel()
androidx.versionedparcelable.ParcelUtils
androidx.versionedparcelable.R
androidx.versionedparcelable.VersionedParcel$1
androidx.versionedparcelable.VersionedParcel$ParcelException